  add.c
  test1.c
  正在生成代码...
test1.obj : error LNK2001: 无法解析的外部符号 _g_val
E:\Progarm File\MyVs\learning-C-code\Test1\test1\Debug\test1.exe : fatal error LNK1120: 1 个无法解析的外部命令
